2021-12-12T01:31:47.290Z Draw started!
2021-12-12T01:31:47.292Z Round	0	=>	<cypto 721 | ProjectOasis#8025> 				<MixMob Masks - 4428 - d83417>
2021-12-12T01:31:48.298Z Round	1	=>	<Already in the OG list> 				<MixMob Masks - 4019 - 3c2d98>
2021-12-12T01:31:49.302Z Round	2	=>	<0xaaron#8789> 				<MixMob Masks - 4465 - 1cce4e>
2021-12-12T01:31:50.304Z Round	3	=>	<shangtoufeng#8261> 				<MixMob Masks - 3924 - 36a221>
2021-12-12T01:31:51.308Z Round	4	=>	<NatalieRosie(ðŸŒŠ,ðŸŒŠ)#3255> 				<MixMob Masks - 4723 - b471fc>
2021-12-12T01:31:52.312Z Round	5	=>	<Already in the og list> 				<MixMob Masks - 4352 - b0953e>
2021-12-12T01:31:53.315Z Round	6	=>	<Miracle-721#7425> 				<MixMob Masks - 4952 - 2c1829>
2021-12-12T01:31:54.320Z Round	7	=>	<le_Blanc#6105> 				<MixMob Masks - 4456 - aad222>
2021-12-12T01:31:55.326Z Round	8	=>	<beibei | OVERCLOUDZ#3537> 				<MixMob Masks - 4569 - c4f194>
2021-12-12T01:31:56.331Z Round	9	=>	<gim#6646> 				<MixMob Masks - 4760 - 245b66>
2021-12-12T01:31:57.335Z Round	10	=>	<ydfwshwwfs#5783> 				<MixMob Masks - 3787 - 21fc13>
2021-12-12T01:31:58.341Z Round	11	=>	<Tatineer#7805> 				<MixMob Masks - 4033 - ef6f96>
2021-12-12T01:31:59.342Z Round	12	=>	<ç©ºå§#0081> 				<MixMob Masks - 4222 - 4e96ce>
2021-12-12T01:32:00.346Z Round	13	=>	<deepspaceOH (ðŸ‘¾,ðŸ‘¾)#1317> 				<MixMob Masks - 4005 - 2ba6ce>
2021-12-12T01:32:01.350Z Round	14	=>	<superficial#2146> 				<MixMob Masks - 3850 - 78159d>
2021-12-12T01:32:02.354Z Round	15	=>	<dr0p8#1290> 				<MixMob Masks - 4646 - dfb79e>
2021-12-12T01:32:03.356Z Round	16	=>	<huyanzhi#9703> 				<MixMob Masks - 4681 - 0b16ea>
2021-12-12T01:32:04.358Z Round	17	=>	<serenity#0263> 				<MixMob Masks - 4698 - 89a4fc>
2021-12-12T01:32:05.359Z Round	18	=>	<Evan2Z#2925> 				<MixMob Masks - 3794 - b40227>
2021-12-12T01:32:06.365Z Round	19	=>	<Glimpse#4459> 				<MixMob Masks - 3788 - 399209>
2021-12-12T01:32:07.368Z Round	20	=>	<John88#2911> 				<MixMob Masks - 4682 - 9c7616>
2021-12-12T01:32:08.374Z Round	21	=>	<Blocked#1463> 				<MixMob Masks - 3833 - f80fb5>
2021-12-12T01:32:09.377Z Round	22	=>	<MTC kaydantizlmze#8975> 				<MixMob Masks - 4010 - 413c2e>
2021-12-12T01:32:10.382Z Round	23	=>	<Cowboyfromhell#7230> 				<MixMob Masks - 4303 - 3ab28e>
2021-12-12T01:32:11.387Z Round	24	=>	<xiaom#3333> 				<MixMob Masks - 4368 - b8fc41>
2021-12-12T01:32:12.392Z Round	25	=>	<dvccgrsdfeff#4814> 				<MixMob Masks - 4920 - a26c46>
2021-12-12T01:32:13.398Z Round	26	=>	<Dalezc#1366> 				<MixMob Masks - 4074 - 391e75>
2021-12-12T01:32:14.403Z Round	27	=>	<important#8087> 				<MixMob Masks - 3884 - a96a17>
2021-12-12T01:32:15.406Z Round	28	=>	<Audi#4222> 				<MixMob Masks - 4297 - 4df9d9>
2021-12-12T01:32:16.409Z Round	29	=>	<BeeBuu#8650> 				<MixMob Masks - 4997 - ba1722>
2021-12-12T01:32:17.415Z Round	30	=>	<Kiddo> 				<MixMob Masks - 3897 - eac102>
2021-12-12T01:32:18.420Z Round	31	=>	<Oceantide#2700> 				<MixMob Masks - 4607 - f118aa>
2021-12-12T01:32:19.421Z Round	32	=>	<Artemi881#3336> 				<MixMob Masks - 3992 - 305b4c>
2021-12-12T01:32:20.425Z Round	33	=>	<supreme#1458> 				<MixMob Masks - 3829 - a52917>
2021-12-12T01:32:21.428Z Round	34	=>	<ððŠð‚ ðŠð‘ðˆð…ð…ð™ð˜#4911> 				<MixMob Masks - 4727 - b44243>
2021-12-12T01:32:22.432Z Round	35	=>	<Ravi#1603> 				<MixMob Masks - 3840 - aa2849>
2021-12-12T01:32:23.437Z Round	36	=>	<$$C Neil#8264> 				<MixMob Masks - 4624 - 791170>
2021-12-12T01:32:24.440Z Round	37	=>	<Ceby#6156 ?> 				<MixMob Masks - 3852 - d68b83>
2021-12-12T01:32:25.443Z Round	38	=>	<creator's wallet> 				<MixMob Masks - 4986 - e00337>
2021-12-12T01:32:26.449Z Round	39	=>	<Akirakun#1099> 				<MixMob Masks - 4046 - 075549>
2021-12-12T01:32:27.454Z Round	40	=>	<carolluo#4786> 				<MixMob Masks - 4575 - a424d5>
2021-12-12T01:32:28.459Z Round	41	=>	<sakitama#3717> 				<MixMob Masks - 4821 - c5b821>
2021-12-12T01:32:29.462Z Round	42	=>	<MTCï½œGifford#4581> 				<MixMob Masks - 4264 - 467453>
2021-12-12T01:32:30.465Z Round	43	=>	<steedmantl#3434> 				<MixMob Masks - 4842 - bf4396>
2021-12-12T01:32:31.469Z Round	44	=>	<dyoner#0282> 				<MixMob Masks - 4287 - 18f17a>
2021-12-12T01:32:32.471Z Round	45	=>	<Dappio in Wonderland#0330> 				<MixMob Masks - 4971 - 84394a>
2021-12-12T01:32:33.474Z Round	46	=>	<gmi0x95> 				<MixMob Masks - 4595 - aeb647>
2021-12-12T01:32:34.477Z Round	47	=>	<youngone_#7836> 				<MixMob Masks - 4517 - db828c>
2021-12-12T01:32:35.482Z Round	48	=>	<liberation#5425> 				<MixMob Masks - 4140 - 76dc9b>
2021-12-12T01:32:36.487Z Round	49	=>	<wei#7458> 				<MixMob Masks - 4123 - efc7f4>
2021-12-12T01:32:37.492Z Round	50	=>	<$$C | Mark#922> 				<MixMob Masks - 4780 - 368f80>
2021-12-12T01:32:38.495Z Round	51	=>	<Mandyyang | Faceless#0876> 				<MixMob Masks - 4835 - b34857>
2021-12-12T01:32:39.500Z Round	52	=>	<yaki(ðŸŒŠ, ðŸŒŠ)#7541> 				<MixMob Masks - 4677 - 489a7a>
2021-12-12T01:32:40.503Z Round	53	=>	<huzhiyu#2146> 				<MixMob Masks - 4322 - 732f9f>
2021-12-12T01:32:41.508Z Round	54	=>	<bombasti#9418> 				<MixMob Masks - 4266 - 86e6ad>
2021-12-12T01:32:42.509Z Round	55	=>	<dreams#6680> 				<MixMob Masks - 4721 - 0e72c4>
2021-12-12T01:32:43.513Z Round	56	=>	<0xJoz#9336> 				<MixMob Masks - 4869 - 62e801>
2021-12-12T01:32:44.515Z Round	57	=>	<nyns in Wonderland#7795> 				<MixMob Masks - 4855 - cd4669>
2021-12-12T01:32:45.521Z Round	58	=>	<GuillermoMaximo (No DM Trades)#9364> 				<MixMob Masks - 4167 - 297564>
2021-12-12T01:32:46.526Z Round	59	=>	<0xGabriele#4385> 				<MixMob Masks - 4902 - e46d1a>
2021-12-12T01:32:47.532Z Round	60	=>	<ord1nary#8665> 				<MixMob Masks - 4422 - 4c4881>
2021-12-12T01:32:48.536Z Round	61	=>	<elvisï¼ˆâˆžï¼‰#1701> 				<MixMob Masks - 4291 - e995a4>
2021-12-12T01:32:49.541Z Round	62	=>	<yuy#1003> 				<MixMob Masks - 4502 - 924c26>
2021-12-12T01:32:50.545Z Round	63	=>	<Smater#8748> 				<MixMob Masks - 4758 - cb8cd6>
2021-12-12T01:32:51.549Z Round	64	=>	<ak. FISHER> 				<MixMob Masks - 4127 - e550c3>
2021-12-12T01:32:52.554Z Round	65	=>	<dylannn#3442> 				<MixMob Masks - 4031 - 2a714c>
2021-12-12T01:32:53.554Z Round	66	=>	<jakelove#4285> 				<MixMob Masks - 4957 - 1ff9a1>
2021-12-12T01:32:54.554Z Round	67	=>	<recollection#8572> 				<MixMob Masks - 4507 - 8c4f92>
2021-12-12T01:32:55.558Z Round	68	=>	<struggle#4239> 				<MixMob Masks - 4129 - d8a266>
2021-12-12T01:32:56.560Z Round	69	=>	<korbendall4s#7124> 				<MixMob Masks - 4700 - f879a0>
2021-12-12T01:32:57.565Z Round	70	=>	<raging#3331> 				<MixMob Masks - 4818 - 744fa0>
2021-12-12T01:32:58.569Z Round	71	=>	<ste10n | OlyVer#5041> 				<MixMob Masks - 4775 - aa5d2f>
2021-12-12T01:32:59.570Z Round	72	=>	<dadadaa | ProjectOasis#8447> 				<MixMob Masks - 4104 - 5ce4e5>
2021-12-12T01:33:00.571Z Round	73	=>	<imrando (â„,â„)#0156> 				<MixMob Masks - 4178 - 7de308>
2021-12-12T01:33:01.573Z Round	74	=>	<DM222#3784> 				<MixMob Masks - 4454 - eb6375>
2021-12-12T01:33:02.575Z Round	75	=>	<slience#2050> 				<MixMob Masks - 4364 - f68db0>
2021-12-12T01:33:03.577Z Round	76	=>	<kalani#4848> 				<MixMob Masks - 4389 - 06021f>
2021-12-12T01:33:04.582Z Round	77	=>	<Smail_k1#4517> 				<MixMob Masks - 4039 - a09bad>
2021-12-12T01:33:05.586Z Round	78	=>	<paoye#6353> 				<MixMob Masks - 4269 - 905fc5>
2021-12-12T01:33:06.589Z Round	79	=>	<Minister#9700> 				<MixMob Masks - 4350 - b68257>
2021-12-12T01:33:07.591Z Round	80	=>	<florsbeny | slatt#7949> 				<MixMob Masks - 4972 - 915668>
2021-12-12T01:33:08.593Z Round	81	=>	<mic3fr3n#9588> 				<MixMob Masks - 4102 - 2d39ee>
2021-12-12T01:33:09.598Z Round	82	=>	<Wildchina (âˆž)#7238> 				<MixMob Masks - 4748 - c48959>
2021-12-12T01:33:10.603Z Round	83	=>	<S Krishnan#4446> 				<MixMob Masks - 4163 - 05f5e5>
2021-12-12T01:33:11.607Z Round	84	=>	<forgotten#5243> 				<MixMob Masks - 4198 - 801d1e>
2021-12-12T01:33:12.609Z Round	85	=>	<esacpe#7618> 				<MixMob Masks - 4113 - d48518>
2021-12-12T01:33:13.611Z Round	86	=>	<Sky | GF | MC#0386> 				<MixMob Masks - 4189 - dbfe23>
2021-12-12T01:33:14.615Z Round	87	=>	<ParN.Q#7352> 				<MixMob Masks - 4590 - dfc6b6>
2021-12-12T01:33:15.620Z Round	88	=>	<nikitakle#4627> 				<MixMob Masks - 4394 - 8c1291>
2021-12-12T01:33:16.621Z Round	89	=>	<derhard | MekaApes#3707> 				<MixMob Masks - 3946 - b83736>
2021-12-12T01:33:17.620Z Round	90	=>	<Summers#7465> 				<MixMob Masks - 3855 - 9239e7>
2021-12-12T01:33:18.622Z Round	91	=>	<eo4184#2365> 				<MixMob Masks - 4225 - 2ed57a>
2021-12-12T01:33:19.622Z Round	92	=>	<ured#1849> 				<MixMob Masks - 4689 - 2cb05d>
2021-12-12T01:33:20.627Z Round	93	=>	<Alpius#6654> 				<MixMob Masks - 4286 - 535112>
2021-12-12T01:33:21.632Z Round	94	=>	<giveMeHand#4167> 				<MixMob Masks - 3931 - cc90d1>
2021-12-12T01:33:22.633Z Round	95	=>	<chenqiong#1955> 				<MixMob Masks - 4946 - 914f85>
2021-12-12T01:33:23.638Z Round	96	=>	<Gouenjiiii#9157> 				<MixMob Masks - 4080 - b31a1f>
2021-12-12T01:33:24.642Z Round	97	=>	<MTC muskfvofzfp#2206> 				<MixMob Masks - 4347 - cf0eba>
2021-12-12T01:33:25.647Z Round	98	=>	<For Glory | GEGE#9583> 				<MixMob Masks - 4436 - d52654>
2021-12-12T01:33:26.650Z Round	99	=>	<Ccw (Cee-Cee-Double-Eww)#0007> 				<MixMob Masks - 4391 - a517b4>
2021-12-12T01:33:27.654Z Round	100	=>	<xibeijia1#1321> 				<MixMob Masks - 4584 - 04ab8a>
2021-12-12T01:33:28.659Z Round	101	=>	<shosho (DOME Citizen)#6197> 				<MixMob Masks - 4313 - 2a67eb>
2021-12-12T01:33:29.662Z Round	102	=>	<poison#5010> 				<MixMob Masks - 4433 - 09bb60>
2021-12-12T01:33:30.668Z Round	103	=>	<Skur#1540> 				<MixMob Masks - 3837 - ed979d>
2021-12-12T01:33:31.670Z Round	104	=>	<Lucius | OogaVerse#8116> 				<MixMob Masks - 4779 - 014283>
2021-12-12T01:33:32.673Z Round	105	=>	<manjusaka#3063> 				<MixMob Masks - 4960 - 0b1a9b>
2021-12-12T01:33:33.676Z Round	106	=>	<alert#3282> 				<MixMob Masks - 4348 - f4da13>
2021-12-12T01:33:34.678Z Round	107	=>	<alborada#8102> 				<MixMob Masks - 4256 - 37344c>
2021-12-12T01:33:35.681Z Round	108	=>	<despair#3274> 				<MixMob Masks - 4973 - 8ed69f>
2021-12-12T01:33:36.686Z: Draw completed!
